[debug] [2021-07-16T00:54:25.992Z] ----------------------------------------------------------------------
[debug] [2021-07-16T00:54:25.994Z] Command:       /usr/bin/node /usr/local/bin/firebase init
[debug] [2021-07-16T00:54:25.995Z] CLI Version:   9.16.0
[debug] [2021-07-16T00:54:25.995Z] Platform:      linux
[debug] [2021-07-16T00:54:25.995Z] Node Version:  v12.22.2
[debug] [2021-07-16T00:54:25.995Z] Time:          Fri Jul 16 2021 01:54:25 GMT+0100 (West Africa Standard Time)
[debug] [2021-07-16T00:54:25.995Z] ----------------------------------------------------------------------
[debug] 
[debug] [2021-07-16T00:54:25.999Z] > command requires scopes: ["email","openid","https://www.googleapis.com/auth/cloudplatformprojects.readonly","https://www.googleapis.com/auth/firebase","https://www.googleapis.com/auth/cloud-platform"]
[debug] [2021-07-16T00:54:26.000Z] > authorizing via signed-in user (viktoh675@gmail.com)
[info] 
     ######## #### ########  ######## ########     ###     ######  ########
     ##        ##  ##     ## ##       ##     ##  ##   ##  ##       ##
     ######    ##  ########  ######   ########  #########  ######  ######
     ##        ##  ##    ##  ##       ##     ## ##     ##       ## ##
     ##       #### ##     ## ######## ########  ##     ##  ######  ########

You're about to initialize a Firebase project in this directory:

  /home/chidex/Documents/news-feed-api

[info] 
=== Project Setup
[info] 
[info] First, let's associate this project directory with a Firebase project.
[info] You can create multiple project aliases by running firebase use --add, 
[info] but for now we'll just set up a default project.
[info] 
[debug] [2021-07-16T00:55:48.107Z] >>> [apiv2][query] GET https://firebase.googleapis.com/v1beta1/projects pageSize=100
[debug] [2021-07-16T00:55:49.329Z] <<< [apiv2][status] GET https://firebase.googleapis.com/v1beta1/projects 200
[debug] [2021-07-16T00:55:49.329Z] <<< [apiv2][body] GET https://firebase.googleapis.com/v1beta1/projects [omitted]
[info] i  Using project news-feed-7817a (news-feed) 
[info] 
=== Hosting Setup
[info] 
[info] Your public directory is the folder (relative to your project directory) that
[info] will contain Hosting assets to be uploaded with firebase deploy. If you
[info] have a build process for your assets, use your build's output directory.
[info] 
[debug] [2021-07-16T00:56:27.846Z] >>> [apiv2][query] GET https://www.gstatic.com/firebasejs/releases.json [none]
[debug] [2021-07-16T00:56:28.654Z] <<< [apiv2][status] GET https://www.gstatic.com/firebasejs/releases.json 200
[debug] [2021-07-16T00:56:28.655Z] <<< [apiv2][body] GET https://www.gstatic.com/firebasejs/releases.json {"current":{"version":"8.7.1","browserURL":"https://www.gstatic.com/firebasejs/8.7.1/firebase.js","packageURL":"https://www.gstatic.com/firebasejs/8.7.1/firebase.tgz"},"live":{"version":"8.7","browserURL":"https://www.gstatic.com/firebasejs/live/8.7/firebase.js","packageURL":"https://www.gstatic.com/firebasejs/live/8.7/firebase.tgz"},"components":{"analytics":"https://www.gstatic.com/firebasejs/8.7.1/firebase-analytics.js","app":"https://www.gstatic.com/firebasejs/8.7.1/firebase-app.js","app-check":"https://www.gstatic.com/firebasejs/8.7.1/firebase-app-check.js","auth":"https://www.gstatic.com/firebasejs/8.7.1/firebase-auth.js","database":"https://www.gstatic.com/firebasejs/8.7.1/firebase-database.js","firestore":"https://www.gstatic.com/firebasejs/8.7.1/firebase-firestore.js","functions":"https://www.gstatic.com/firebasejs/8.7.1/firebase-functions.js","installations":"https://www.gstatic.com/firebasejs/8.7.1/firebase-installations.js","messaging":"https://www.gstatic.com/firebasejs/8.7.1/firebase-messaging.js","storage":"https://www.gstatic.com/firebasejs/8.7.1/firebase-storage.js","performance":"https://www.gstatic.com/firebasejs/8.7.1/firebase-performance.js","remote-config":"https://www.gstatic.com/firebasejs/8.7.1/firebase-remote-config.js","firestore.memory":"https://www.gstatic.com/firebasejs/8.7.1/firebase-firestore.memory.js"}}
[info] i  Skipping write of public/index.html 
[info] 
[info] i  Detected a .git folder at /home/chidex/Documents/news-feed-api 
[info] i  Authorizing with GitHub to upload your service account to a GitHub repository's secrets store. 
[info] 
[info] Visit this URL on this device to log in:
[info] https://github.com/login/oauth/authorize?client_id=89cf50f02ac6aaed3484&state=427141912&redirect_uri=http%3A%2F%2Flocalhost%3A9005&scope=read%3Auser%20repo%20public_repo
[info] 
[info] Waiting for authentication...
[debug] [2021-07-16T00:57:47.775Z] >>> HTTP REQUEST POST https://github.com/login/oauth/access_token  
 {"client_id":"89cf50f02ac6aaed3484","client_secret":"3330d14abc895d9a74d5f17cd7a00711fa2c5bf0","code":"d45d3673c0530bd0428a","redirect_uri":"http://localhost:9005","state":"427141912"}
[debug] [2021-07-16T00:57:48.511Z] <<< HTTP RESPONSE 200 {"server":"GitHub.com","date":"Fri, 16 Jul 2021 00:57:48 GMT","content-type":"application/json; charset=utf-8","transfer-encoding":"chunked","vary":"X-PJAX, Accept-Encoding, Accept, X-Requested-With","permissions-policy":"interest-cohort=()","etag":"W/\"2deca2da7c334a4300773a2510cfe9a4\"","cache-control":"max-age=0, private, must-revalidate","strict-transport-security":"max-age=31536000; includeSubdomains; preload","x-frame-options":"deny","x-content-type-options":"nosniff","x-xss-protection":"0","referrer-policy":"origin-when-cross-origin, strict-origin-when-cross-origin","expect-ct":"max-age=2592000, report-uri=\"https://api.github.com/_private/browser/errors\"","content-security-policy":"default-src 'none'; base-uri 'self'; block-all-mixed-content; connect-src 'self' uploads.github.com www.githubstatus.com collector.githubapp.com api.github.com github-cloud.s3.amazonaws.com github-production-repository-file-5c1aeb.s3.amazonaws.com github-production-upload-manifest-file-7fdce7.s3.amazonaws.com github-production-user-asset-6210df.s3.amazonaws.com cdn.optimizely.com logx.optimizely.com/v1/events translator.github.com wss://alive.github.com; font-src github.githubassets.com; form-action 'self' github.com gist.github.com; frame-ancestors 'none'; frame-src render.githubusercontent.com render-temp.githubusercontent.com viewscreen.githubusercontent.com; img-src 'self' data: github.githubassets.com identicons.github.com collector.githubapp.com github-cloud.s3.amazonaws.com secured-user-images.githubusercontent.com/ *.githubusercontent.com; manifest-src 'self'; media-src 'none'; script-src github.githubassets.com; style-src 'unsafe-inline' github.githubassets.com; worker-src github.com/socket-worker-3f088aa2.js gist.github.com/socket-worker-3f088aa2.js","x-github-request-id":"C1A6:82E8:B7E2B1:BDF271:60F0D98C"}
[debug] [2021-07-16T00:57:48.517Z] >>> [apiv2][query] GET https://api.github.com/user [none]
[debug] [2021-07-16T00:57:49.754Z] <<< [apiv2][status] GET https://api.github.com/user 200
[debug] [2021-07-16T00:57:49.754Z] <<< [apiv2][body] GET https://api.github.com/user {"login":"Viktoh-Ikenna","id":61013640,"node_id":"MDQ6VXNlcjYxMDEzNjQw","avatar_url":"https://avatars.githubusercontent.com/u/61013640?v=4","gravatar_id":"","url":"https://api.github.com/users/Viktoh-Ikenna","html_url":"https://github.com/Viktoh-Ikenna","followers_url":"https://api.github.com/users/Viktoh-Ikenna/followers","following_url":"https://api.github.com/users/Viktoh-Ikenna/following{/other_user}","gists_url":"https://api.github.com/users/Viktoh-Ikenna/gists{/gist_id}","starred_url":"https://api.github.com/users/Viktoh-Ikenna/starred{/owner}{/repo}","subscriptions_url":"https://api.github.com/users/Viktoh-Ikenna/subscriptions","organizations_url":"https://api.github.com/users/Viktoh-Ikenna/orgs","repos_url":"https://api.github.com/users/Viktoh-Ikenna/repos","events_url":"https://api.github.com/users/Viktoh-Ikenna/events{/privacy}","received_events_url":"https://api.github.com/users/Viktoh-Ikenna/received_events","type":"User","site_admin":false,"name":null,"company":null,"blog":"","location":null,"email":null,"hireable":null,"bio":null,"twitter_username":null,"public_repos":8,"public_gists":0,"followers":1,"following":0,"created_at":"2020-02-13T13:04:19Z","updated_at":"2021-07-16T00:56:51Z","private_gists":0,"total_private_repos":0,"owned_private_repos":0,"disk_usage":107901,"collaborators":0,"two_factor_authentication":false,"plan":{"name":"free","space":976562499,"collaborators":0,"private_repos":10000}}
[info] 
[info] ✔  Success! Logged into GitHub as Viktoh-Ikenna 
[info] 
